<?xml version="1.0" encoding="UTF-8"?>
<testng-results ignored="0" total="1" passed="1" failed="0" skipped="0">
  <reporter-output>
  </reporter-output>
  <suite started-at="2021-12-09T16:58:29 IST" name="Default suite" finished-at="2021-12-09T16:58:29 IST" duration-ms="108">
    <groups>
    </groups>
    <test started-at="2021-12-09T16:58:29 IST" name="Default test" finished-at="2021-12-09T16:58:29 IST" duration-ms="108">
      <class name="SDET1">
        <test-method signature="DateTest()[pri:0, instance:SDET1@68e965f5]" started-at="2021-12-09T16:58:29 IST" name="DateTest" finished-at="2021-12-09T16:58:29 IST" duration-ms="15" status="PASS">
          <reporter-output>
          </reporter-output>
        </test-method> <!-- DateTest -->
      </class> <!-- SDET1 -->
    </test> <!-- Default test -->
  </suite> <!-- Default suite -->
</testng-results>
